[  0%] Built target rosgraph_msgs_generate_messages_py
[  0%] Built target actionlib_generate_messages_eus
[  0%] Built target roscpp_generate_messages_eus
[  0%] Built target rosgraph_msgs_generate_messages_eus
[  0%] Built target actionlib_msgs_generate_messages_cpp
[  0%] Built target std_msgs_generate_messages_lisp
[  0%] Built target roscpp_generate_messages_py
[  0%] Built target actionlib_msgs_generate_messages_lisp
[  0%] Built target actionlib_generate_messages_nodejs
[  0%] Built target roscpp_generate_messages_lisp
[  0%] Built target _catkin_empty_exported_target
[  0%] Built target actionlib_generate_messages_lisp
[  0%] Built target actionlib_msgs_generate_messages_nodejs
[  0%] Built target actionlib_generate_messages_py
[  0%] Built target actionlib_msgs_generate_messages_eus
[  0%] Built target rosgraph_msgs_generate_messages_lisp
[  0%] Built target actionlib_generate_messages_cpp
[  0%] Built target rosgraph_msgs_generate_messages_nodejs
[  0%] Built target roscpp_generate_messages_nodejs
[  0%] Built target actionlib_msgs_generate_messages_py
[  0%] Built target std_msgs_generate_messages_cpp
[  0%] Built target std_msgs_generate_messages_eus
[  0%] Built target rosgraph_msgs_generate_messages_cpp
[  0%] Built target std_msgs_generate_messages_nodejs
[  0%] Built target std_msgs_generate_messages_py
[  0%] Built target roscpp_generate_messages_cpp
[ 50%] [32mBuilding CXX object CMakeFiles/action_client_4_6_cpp.dir/src/action_client_4_6_cpp.cpp.o[0m
[01m[K/home/user/catkin_ws/src/action_client_4_6/src/action_client_4_6_cpp.cpp:4:10:[m[K [01;31m[Kfatal error: [m[Kardrone_as/ArdroneAction.h: No such file or directory
    4 | #include [01;31m[K<ardrone_as/ArdroneAction.h>[m[K // Note: "Action" is appended
      |          [01;31m[K^~~~~~~~~~~~~~~~~~~~~~~~~~~~[m[K
compilation terminated.
make[2]: *** [CMakeFiles/action_client_4_6_cpp.dir/build.make:63: CMakeFiles/action_client_4_6_cpp.dir/src/action_client_4_6_cpp.cpp.o] Error 1
make[1]: *** [CMakeFiles/Makefile2:191: CMakeFiles/action_client_4_6_cpp.dir/all] Error 2
make: *** [Makefile:141: all] Error 2
