[01m[K/home/user/catkin_ws/src/action_client_pkg/src/ardrone_action_client.cpp:4:10:[m[K [01;31m[Kfatal error: [m[Kgeometry/msgs/Twist.h: No such file or directory
    4 | #include [01;31m[K<geometry/msgs/Twist.h>[m[K
      |          [01;31m[K^~~~~~~~~~~~~~~~~~~~~~~[m[K
compilation terminated.
make[2]: *** [CMakeFiles/ardrone_action_client.dir/build.make:63: CMakeFiles/ardrone_action_client.dir/src/ardrone_action_client.cpp.o] Error 1
make[1]: *** [CMakeFiles/Makefile2:301: CMakeFiles/ardrone_action_client.dir/all] Error 2
make[1]: *** Waiting for unfinished jobs....
make: *** [Makefile:141: all] Error 2
