[  0%] Built target rosgraph_msgs_generate_messages_eus
[  0%] Built target std_msgs_generate_messages_lisp
[  0%] Built target actionlib_msgs_generate_messages_lisp
[  0%] Built target rosgraph_msgs_generate_messages_py
[  0%] Built target roscpp_generate_messages_py
[  0%] Built target actionlib_generate_messages_eus
[  0%] Built target roscpp_generate_messages_eus
[  0%] Built target actionlib_generate_messages_nodejs
[  0%] Built target actionlib_msgs_generate_messages_cpp
[  0%] Built target actionlib_generate_messages_lisp
[  0%] Built target _catkin_empty_exported_target
[  0%] Built target roscpp_generate_messages_lisp
[  0%] Built target actionlib_msgs_generate_messages_eus
[  0%] Built target actionlib_msgs_generate_messages_nodejs
[  0%] Built target actionlib_generate_messages_py
[  0%] Built target rosgraph_msgs_generate_messages_nodejs
[  0%] Built target rosgraph_msgs_generate_messages_lisp
[  0%] Built target actionlib_generate_messages_cpp
[  0%] Built target actionlib_msgs_generate_messages_py
[  0%] Built target std_msgs_generate_messages_eus
[  0%] Built target rosgraph_msgs_generate_messages_cpp
[  0%] Built target std_msgs_generate_messages_cpp
[  0%] Built target roscpp_generate_messages_nodejs
[  0%] Built target std_msgs_generate_messages_py
[  0%] Built target roscpp_generate_messages_cpp
[  0%] Built target std_msgs_generate_messages_nodejs
[35m[1mScanning dependencies of target cancel[0m
[35m[1mScanning dependencies of target ardrone_action_client[0m
[ 12%] [32mBuilding CXX object CMakeFiles/cancel.dir/src/cancel_goal_test.cpp.o[0m
[ 25%] [32m[1mLinking CXX executable /home/user/catkin_ws/devel/.private/action_client_pkg/lib/action_client_pkg/no_wait[0m
[ 37%] [32m[1mLinking CXX executable /home/user/catkin_ws/devel/.private/action_client_pkg/lib/action_client_pkg/wait[0m
[ 50%] [32mBuilding CXX object CMakeFiles/ardrone_action_client.dir/src/ardrone_action_client.cpp.o[0m
[ 62%] Built target no_wait
[ 75%] Built target wait
[01m[K/home/user/catkin_ws/src/action_client_pkg/src/ardrone_action_client.cpp:4:10:[m[K [01;31m[Kfatal error: [m[Kgeometry/msgs/Twist.h: No such file or directory
    4 | #include [01;31m[K<geometry/msgs/Twist.h>[m[K
      |          [01;31m[K^~~~~~~~~~~~~~~~~~~~~~~[m[K
compilation terminated.
make[2]: *** [CMakeFiles/ardrone_action_client.dir/build.make:63: CMakeFiles/ardrone_action_client.dir/src/ardrone_action_client.cpp.o] Error 1
make[1]: *** [CMakeFiles/Makefile2:301: CMakeFiles/ardrone_action_client.dir/all] Error 2
make[1]: *** Waiting for unfinished jobs....
[ 87%] [32m[1mLinking CXX executable /home/user/catkin_ws/devel/.private/action_client_pkg/lib/action_client_pkg/cancel[0m
[ 87%] Built target cancel
make: *** [Makefile:141: all] Error 2
