In file included from [01m[K/opt/ros/noetic/include/ros/ros.h:40[m[K,
                 from [01m[K/home/user/catkin_ws/src/services_quiz/src/bb8_move_custom_service_server.cpp:2[m[K:
[01m[K/home/user/catkin_ws/src/services_quiz/src/bb8_move_custom_service_server.cpp:[m[K In function '[01m[Kbool my_callback(services_quiz::BB8CustomServiceMessage::Request&, services_quiz::BB8CustomServiceMessage::Response&)[m[K':
[01m[K/home/user/catkin_ws/src/services_quiz/src/bb8_move_custom_service_server.cpp:10:47:[m[K [01;31m[Kerror: [m[K'[01m[Kservices_quiz::BB8CustomServiceMessage::Request[m[K' {aka '[01m[Kstruct services_quiz::BB8CustomServiceMessageRequest_<std::allocator<void> >[m[K'} has no member named '[01m[Kduration[m[K'
   10 |   ROS_INFO("Request Data==> duration=%d", req.[01;31m[Kduration[m[K);
      |                                               [01;31m[K^~~~~~~~[m[K
[01m[K/opt/ros/noetic/include/ros/console.h:351:165:[m[K [01;36m[Knote: [m[Kin definition of macro '[01m[KROSCONSOLE_PRINT_AT_LOCATION_WITH_FILTER[m[K'
  351 |     ::ros::console::print(filter, __rosconsole_define_location__loc.logger_, __rosconsole_define_location__loc.level_, __FILE__, __LINE__, __ROSCONSOLE_FUNCTION__, [01;36m[K__VA_ARGS__[m[K)
      |                                                                                                                                                                     [01;36m[K^~~~~~~~~~~[m[K
[01m[K/opt/ros/noetic/include/ros/console.h:390:7:[m[K [01;36m[Knote: [m[Kin expansion of macro '[01m[KROSCONSOLE_PRINT_AT_LOCATION[m[K'
  390 |       [01;36m[KROSCONSOLE_PRINT_AT_LOCATION[m[K(__VA_ARGS__); \
      |       [01;36m[K^~~~~~~~~~~~~~~~~~~~~~~~~~~~[m[K
[01m[K/opt/ros/noetic/include/ros/console.h:575:35:[m[K [01;36m[Knote: [m[Kin expansion of macro '[01m[KROS_LOG_COND[m[K'
  575 | #define ROS_LOG(level, name, ...) [01;36m[KROS_LOG_COND[m[K(true, level, name, __VA_ARGS__)
      |                                   [01;36m[K^~~~~~~~~~~~[m[K
[01m[K/opt/ros/noetic/include/rosconsole/macros_generated.h:110:23:[m[K [01;36m[Knote: [m[Kin expansion of macro '[01m[KROS_LOG[m[K'
  110 | #define ROS_INFO(...) [01;36m[KROS_LOG[m[K(::ros::console::levels::Info, ROSCONSOLE_DEFAULT_NAME, __VA_ARGS__)
      |                       [01;36m[K^~~~~~~[m[K
[01m[K/home/user/catkin_ws/src/services_quiz/src/bb8_move_custom_service_server.cpp:10:3:[m[K [01;36m[Knote: [m[Kin expansion of macro '[01m[KROS_INFO[m[K'
   10 |   [01;36m[KROS_INFO[m[K("Request Data==> duration=%d", req.duration);
      |   [01;36m[K^~~~~~~~[m[K
[01m[K/home/user/catkin_ws/src/services_quiz/src/bb8_move_custom_service_server.cpp:15:21:[m[K [01;31m[Kerror: [m[K'[01m[Kservices_quiz::BB8CustomServiceMessage::Request[m[K' {aka '[01m[Kstruct services_quiz::BB8CustomServiceMessageRequest_<std::allocator<void> >[m[K'} has no member named '[01m[Kduration[m[K'
   15 |   ros::Duration(req.[01;31m[Kduration[m[K).sleep();
      |                     [01;31m[K^~~~~~~~[m[K
make[2]: *** [CMakeFiles/bb8_move_custom_service_server.dir/build.make:63: CMakeFiles/bb8_move_custom_service_server.dir/src/bb8_move_custom_service_server.cpp.o] Error 1
make[1]: *** [CMakeFiles/Makefile2:235: CMakeFiles/bb8_move_custom_service_server.dir/all] Error 2
make[1]: *** Waiting for unfinished jobs....
make: *** [Makefile:141: all] Error 2
